2026-04-02 12:58:01,476 - src.logger - CRITICAL - 2026-04-02 12:58:01.476507 Failed to retrieve domains: (sqlalchemy.dialects.postgresql.asyncpg.ProgrammingError) <class 'asyncpg.exceptions.UndefinedTableError'>: relation "webgram_domains" does not exist
[SQL: SELECT webgram_domains.domain_uuid, webgram_domains.domain_name, webgram_domains.domain_enabled, webgram_domains.domain_description 
FROM webgram_domains]
(Background on this error at: https://sqlalche.me/e/20/f405)
2026-04-02 12:58:37,249 - src.logger - CRITICAL - 2026-04-02 12:58:37.249203 Failed to retrieve domains: (sqlalchemy.dialects.postgresql.asyncpg.ProgrammingError) <class 'asyncpg.exceptions.UndefinedTableError'>: relation "webgram_domains" does not exist
[SQL: SELECT webgram_domains.domain_uuid, webgram_domains.domain_name, webgram_domains.domain_enabled, webgram_domains.domain_description 
FROM webgram_domains]
(Background on this error at: https://sqlalche.me/e/20/f405)
2026-04-02 12:58:56,170 - src.logger - CRITICAL - 2026-04-02 12:58:56.170755 Failed to retrieve domains: This session is provisioning a new connection; concurrent operations are not permitted (Background on this error at: https://sqlalche.me/e/20/isce)
2026-04-02 12:59:29,759 - src.logger - CRITICAL - 2026-04-02 12:59:29.758808 Failed to retrieve domains: (sqlalchemy.dialects.postgresql.asyncpg.ProgrammingError) <class 'asyncpg.exceptions.UndefinedTableError'>: relation "webgram_domains" does not exist
[SQL: SELECT webgram_domains.domain_uuid, webgram_domains.domain_name, webgram_domains.domain_enabled, webgram_domains.domain_description 
FROM webgram_domains]
(Background on this error at: https://sqlalche.me/e/20/f405)
2026-04-06 17:19:34,553 - src.logger - CRITICAL - 2026-04-06 17:19:34.552783 Failed to retrieve agents: (sqlalchemy.dialects.postgresql.asyncpg.ProgrammingError) <class 'asyncpg.exceptions.UndefinedTableError'>: relation "webgram_agents" does not exist
[SQL: SELECT webgram_agents.agent_uuid, webgram_agents.agent_name, webgram_agents.agent_number, webgram_agents.agent_password, webgram_agents.domain_uuid, webgram_agents.user_uuid, webgram_agents.agent_status 
FROM webgram_agents]
(Background on this error at: https://sqlalche.me/e/20/f405)
2026-04-06 17:20:30,984 - src.logger - CRITICAL - 2026-04-06 17:20:30.983856 Failed to retrieve atc agents: (sqlalchemy.dialects.postgresql.asyncpg.ProgrammingError) <class 'asyncpg.exceptions.UndefinedColumnError'>: column "agent_uuid" does not exist
HINT:  Perhaps you meant to reference the column "v_call_center_agents.agent_id".
[SQL: select agent_uuid, agent_name, agent_number, agent_password, domain_uuid from v_call_center_agents]
(Background on this error at: https://sqlalche.me/e/20/f405)
2026-04-06 17:20:57,397 - src.logger - CRITICAL - 2026-04-06 17:20:57.397079 Failed to retrieve atc agents: (sqlalchemy.dialects.postgresql.asyncpg.ProgrammingError) <class 'asyncpg.exceptions.UndefinedColumnError'>: column "agent_number" does not exist
HINT:  Perhaps you meant to reference the column "v_call_center_agents.agent_name".
[SQL: select call_center_agent_uuid, agent_name, agent_number, agent_password, domain_uuid from v_call_center_agents]
(Background on this error at: https://sqlalche.me/e/20/f405)
2026-04-06 17:21:34,677 - src.logger - CRITICAL - 2026-04-06 17:21:34.677391 Failed to retrieve atc agents: (sqlalchemy.dialects.postgresql.asyncpg.ProgrammingError) <class 'asyncpg.exceptions.UndefinedColumnError'>: column "agent_extension" does not exist
[SQL: select call_center_agent_uuid, agent_name, agent_extension, agent_password, domain_uuid from v_call_center_agents]
(Background on this error at: https://sqlalche.me/e/20/f405)
2026-04-06 17:22:20,930 - src.logger - CRITICAL - 2026-04-06 17:22:20.930409 Conflict while saving or update agent 'c39f01be-9479-436f-8dd8-bc15af77e2a1': (sqlalchemy.dialects.postgresql.asyncpg.IntegrityError) <class 'asyncpg.exceptions.NotNullViolationError'>: null value in column "user_uuid" of relation "webgram_agents" violates not-null constraint
DETAIL:  Failing row contains (c39f01be-9479-436f-8dd8-bc15af77e2a1, ×ĺđíĺíęî Äěčňđčé Ŕíŕňîëüĺâč÷, 167512, 167512, 00d95071-b9fb-4ba3-aa38-04dbced4568f, null, Logged Out).
[SQL: INSERT INTO webgram_agents (agent_uuid, agent_name, agent_number, agent_password, domain_uuid, user_uuid, agent_status) VALUES ($1::UUID, $2::VARCHAR, $3::VARCHAR, $4::VARCHAR, $5::UUID, $6::UUID, $7::VARCHAR)]
[parameters: (UUID('c39f01be-9479-436f-8dd8-bc15af77e2a1'), '×ĺđíĺíęî Äěčňđčé Ŕíŕňîëüĺâč÷', '167512', '167512', UUID('00d95071-b9fb-4ba3-aa38-04dbced4568f'), None, 'Logged Out')]
(Background on this error at: https://sqlalche.me/e/20/gkpj)
2026-04-06 17:23:37,709 - src.logger - CRITICAL - 2026-04-06 17:23:37.708038 Conflict while saving or update agent '7bece4a2-1094-4091-853d-36ada6da080a': (sqlalchemy.dialects.postgresql.asyncpg.IntegrityError) <class 'asyncpg.exceptions.NotNullViolationError'>: null value in column "agent_password" of relation "webgram_agents" violates not-null constraint
DETAIL:  Failing row contains (7bece4a2-1094-4091-853d-36ada6da080a, Çűęčí Ëĺîíčä Âčňŕëüĺâč÷, 167504, null, 00d95071-b9fb-4ba3-aa38-04dbced4568f, null, Logged Out).
[SQL: INSERT INTO webgram_agents (agent_uuid, agent_name, agent_number, agent_password, domain_uuid, user_uuid, agent_status) VALUES ($1::UUID, $2::VARCHAR, $3::VARCHAR, $4::VARCHAR, $5::UUID, $6::UUID, $7::VARCHAR)]
[parameters: (UUID('7bece4a2-1094-4091-853d-36ada6da080a'), 'Çűęčí Ëĺîíčä Âčňŕëüĺâč÷', '167504', None, UUID('00d95071-b9fb-4ba3-aa38-04dbced4568f'), None, 'Logged Out')]
(Background on this error at: https://sqlalche.me/e/20/gkpj)
2026-04-06 19:16:59,821 - src.logger - CRITICAL - 2026-04-06 19:16:59.821523 Failed to retrieve extensions: (sqlalchemy.dialects.postgresql.asyncpg.ProgrammingError) <class 'asyncpg.exceptions.UndefinedTableError'>: relation "webgram_extensions" does not exist
[SQL: SELECT webgram_extensions.extension_uuid, webgram_extensions.extension_number, webgram_extensions.extension_password, webgram_extensions.caller_id_name, webgram_extensions.caller_id_number, webgram_extensions.domain_uuid 
FROM webgram_extensions]
(Background on this error at: https://sqlalche.me/e/20/f405)
2026-04-07 15:04:28,916 - src.logger - CRITICAL - 2026-04-07 15:04:28.915815 C:\Users\RomanTkachenko\PycharmProjects\webgram_backend\src\infrastructure\fs_events\fs_events.py:34 - name 'gevent' is not defined
2026-04-07 15:04:33,961 - src.logger - CRITICAL - 2026-04-07 15:04:33.961790 C:\Users\RomanTkachenko\PycharmProjects\webgram_backend\src\infrastructure\fs_events\fs_events.py:34 - name 'gevent' is not defined
2026-04-07 15:04:39,008 - src.logger - CRITICAL - 2026-04-07 15:04:39.008067 C:\Users\RomanTkachenko\PycharmProjects\webgram_backend\src\infrastructure\fs_events\fs_events.py:34 - name 'gevent' is not defined
2026-04-07 15:04:44,066 - src.logger - CRITICAL - 2026-04-07 15:04:44.066524 C:\Users\RomanTkachenko\PycharmProjects\webgram_backend\src\infrastructure\fs_events\fs_events.py:34 - name 'gevent' is not defined
2026-04-07 15:04:49,106 - src.logger - CRITICAL - 2026-04-07 15:04:49.106017 C:\Users\RomanTkachenko\PycharmProjects\webgram_backend\src\infrastructure\fs_events\fs_events.py:34 - name 'gevent' is not defined
2026-04-07 15:04:54,154 - src.logger - CRITICAL - 2026-04-07 15:04:54.153869 C:\Users\RomanTkachenko\PycharmProjects\webgram_backend\src\infrastructure\fs_events\fs_events.py:34 - name 'gevent' is not defined
2026-04-20 17:30:39,656 - src.logger - CRITICAL - 2026-04-20 17:30:39.655678 Failed to retrieve user by user_uuid 'None': (sqlalchemy.dialects.postgresql.asyncpg.Error) <class 'asyncpg.exceptions.DataError'>: invalid input for query argument $1: 'None' (invalid UUID 'None': length must be between 32..36 characters, got 4)
[SQL: SELECT webgram_users.user_uuid, webgram_users.user_name, webgram_users.user_password, webgram_users.role_uuid 
FROM webgram_users 
WHERE webgram_users.user_uuid = $1::UUID]
[parameters: ('None',)]
(Background on this error at: https://sqlalche.me/e/20/dbapi)
2026-04-20 17:34:20,236 - src.logger - CRITICAL - 2026-04-20 17:34:20.236359 Conflict while set user uuid '72b5acd8-2355-47ef-840b-c1fbe56e6dc2' to agent '90ad6dca-bb29-4b85-9033-7fea79a32dd0': (sqlalchemy.dialects.postgresql.asyncpg.IntegrityError) <class 'asyncpg.exceptions.ForeignKeyViolationError'>: insert or update on table "webgram_agents" violates foreign key constraint "webgram_agents_user_uuid_fkey"
DETAIL:  Key (user_uuid)=(72b5acd8-2355-47ef-840b-c1fbe56e6dc2) is not present in table "webgram_users".
[SQL: UPDATE webgram_agents SET user_uuid=$1::UUID WHERE webgram_agents.agent_uuid = $2::UUID]
[parameters: (UUID('72b5acd8-2355-47ef-840b-c1fbe56e6dc2'), UUID('90ad6dca-bb29-4b85-9033-7fea79a32dd0'))]
(Background on this error at: https://sqlalche.me/e/20/gkpj)
2026-04-21 19:20:46,607 - src.logger - CRITICAL - 2026-04-21 19:20:46.607005 Failed to retrieve role by role_name 'superadmin': (sqlalchemy.dialects.postgresql.asyncpg.ProgrammingError) <class 'asyncpg.exceptions.UndefinedTableError'>: relation "webgram_tiers" does not exist
[SQL: SELECT webgram_tiers.agent_uuid AS webgram_tiers_agent_uuid, webgram_tiers.tier_uuid AS webgram_tiers_tier_uuid, webgram_tiers.queue_uuid AS webgram_tiers_queue_uuid 
FROM webgram_tiers 
WHERE webgram_tiers.agent_uuid IN ($1::UUID)]
[parameters: (UUID('90ad6dca-bb29-4b85-9033-7fea79a32dd0'),)]
(Background on this error at: https://sqlalche.me/e/20/f405)
2026-04-28 11:15:03,310 - src.logger - CRITICAL - 2026-04-28 11:15:03.309158 Failed to retrieve count cdr every minute: (sqlalchemy.dialects.postgresql.asyncpg.Error) <class 'asyncpg.exceptions.DataError'>: invalid input for query argument $1: '2026-04-28 00:00:00' (expected a datetime.date or datetime.datetime instance, got 'str')
[SQL: 
            WITH RECURSIVE call_minutes AS (
                SELECT
                        xml_cdr_uuid,
                        date_trunc('minute', start_stamp) AS current_minute,
                        date_trunc('minute', COALESCE(end_stamp, NOW())) AS end_minute
                      FROM
                        v_xml_cdr
                      WHERE
                        start_stamp >= $1
                        AND end_stamp < $2
                        AND (
                            end_stamp IS NOT NULL
                            OR end_stamp IS NULL
                        )
                      UNION ALL
                      SELECT
                        xml_cdr_uuid,
                        current_minute + INTERVAL '1 minute' AS current_minute,
                        end_minute
                      FROM
                        call_minutes
                      WHERE
                        current_minute < end_minute
                    )
                    SELECT
                      EXTRACT(HOUR FROM current_minute)::TEXT AS hour_of_day,
                      EXTRACT(MINUTE FROM current_minute)::TEXT AS minute_of_hour,
                      COUNT(xml_cdr_uuid) AS call_count
                    FROM
                      call_minutes
                    WHERE
                      current_minute >= $1
                      AND current_minute < $2
                    GROUP BY
                      EXTRACT(HOUR FROM current_minute),
                      EXTRACT(MINUTE FROM current_minute)
                    ORDER BY
                      hour_of_day, minute_of_hour;
            ]
[parameters: ('2026-04-28 00:00:00', '2026-04-29 00:00:00')]
(Background on this error at: https://sqlalche.me/e/20/dbapi)
